{
  "RSpec": {
    "coverage": {
      "/home/ikraam/Documents/projects/etaPath/etaPath/app/helpers/application_helper.rb": {
        "lines": [
          null,
          null,
          1,
          null
        ]
      },
      "/home/ikraam/Documents/projects/etaPath/etaPath/app/helpers/bookings_helper.rb": {
        "lines": [
          null,
          null,
          1,
          null
        ]
      },
      "/home/ikraam/Documents/projects/etaPath/etaPath/app/models/booking.rb": {
        "lines": [
          null,
          null,
          1,
          null,
          1,
          1,
          1,
          null,
          4,
          4,
          null,
          1,
          1,
          95,
          95,
          95,
          95,
          95,
          95,
          95,
          null,
          95,
          null,
          null,
          95,
          93,
          93,
          93,
          93,
          93,
          93,
          null,
          93,
          null,
          null,
          null,
          null,
          1,
          4,
          76,
          76,
          76,
          76,
          76,
          76,
          null,
          null,
          null
        ]
      },
      "/home/ikraam/Documents/projects/etaPath/etaPath/app/models/application_record.rb": {
        "lines": [
          null,
          null,
          1,
          1,
          null
        ]
      },
      "/home/ikraam/Documents/projects/etaPath/etaPath/app/controllers/bookings_controller.rb": {
        "lines": [
          null,
          null,
          1,
          1,
          null,
          null,
          null,
          1,
          2,
          2,
          null,
          2,
          2,
          2,
          null,
          2,
          2,
          16,
          null,
          2,
          3,
          2,
          null,
          null,
          null,
          null,
          1,
          null,
          null,
          1,
          1,
          null,
          null,
          null,
          1,
          null,
          null,
          1,
          4,
          4,
          2,
          null,
          2,
          null,
          null,
          null,
          1,
          1,
          1,
          1,
          null,
          null,
          null,
          1,
          3,
          2,
          null,
          1,
          null,
          null,
          null,
          null,
          1,
          2,
          2,
          null,
          null,
          1,
          null,
          null,
          1,
          7,
          null,
          null,
          null,
          1,
          7,
          null,
          null,
          1,
          4,
          4,
          null,
          5,
          null,
          null,
          12,
          62,
          null,
          62,
          null,
          74,
          null,
          null,
          12,
          50,
          null,
          50,
          null,
          null,
          null,
          12,
          null,
          null,
          12,
          6,
          null,
          6,
          24,
          null,
          null,
          null,
          5,
          null,
          4,
          null,
          null
        ]
      },
      "/home/ikraam/Documents/projects/etaPath/etaPath/app/controllers/application_controller.rb": {
        "lines": [
          null,
          null,
          1,
          null
        ]
      },
      "/home/ikraam/Documents/projects/etaPath/etaPath/app/jobs/application_job.rb": {
        "lines": [
          null,
          null,
          null,
          null,
          null,
          null,
          null,
          null,
          null,
          null,
          null
        ],
        "branches": {
        }
      },
      "/home/ikraam/Documents/projects/etaPath/etaPath/app/mailers/application_mailer.rb": {
        "lines": [
          null,
          null,
          null,
          null,
          null,
          null,
          null,
          null
        ],
        "branches": {
        }
      },
      "/home/ikraam/Documents/projects/etaPath/etaPath/app/channels/application_cable/channel.rb": {
        "lines": [
          null,
          null,
          null,
          null,
          null,
          null,
          null,
          null
        ],
        "branches": {
        }
      },
      "/home/ikraam/Documents/projects/etaPath/etaPath/app/channels/application_cable/connection.rb": {
        "lines": [
          null,
          null,
          null,
          null,
          null,
          null,
          null,
          null
        ],
        "branches": {
        }
      }
    },
    "timestamp": 1603724575
  }
}
